
> backend@1.0.0 start
> node server.js

[dotenv@17.2.3] injecting env (7) from .env -- tip: ⚙️  write to custom object with { processEnv: myObject }
Server running on port 3001
Generating PDF for invoice: INV-251231-052
PDF saved to public/invoices: INV-251231-052.pdf
Sending WhatsApp message: {
  wahaUrl: 'https://waha.nicola.id',
  session: 'default',
  chatId: '6281389592985@c.us',
  phoneNumber: '081389592985',
  formattedPhone: '6281389592985'
}
Generating PDF for invoice: INV-251231-053
PDF saved to public/invoices: INV-251231-053.pdf
Sending WhatsApp message: {
  wahaUrl: 'https://waha.nicola.id',
  session: 'default',
  chatId: '6281389592985@c.us',
  phoneNumber: '081389592985',
  formattedPhone: '6281389592985'
}
